1997 6015
11684 1388
1494 38
4236 2913
13668 1565
11736 53
271 2615
6057 308
14538 1190
143 4987
11456 2669
11254 1166
2517 5195
14442 78
11601 632
6472 4243
1418 4211
9081 141
15001 816
713 1482
7497 1337
11969 3547
2123 2427
110 4258
11989 101
1271 88
1254 4336
47 2182
15303 466
10685 109
6658 2438
11775 671
14237 113
1133 667
11827 1022
10070 101
258 70
4259 4395
11202 1100
8358 170
15021 156
8434 1073
7571 274
1923 3812
522 374
3420 3118
5700 1901
683 4770
1696 547
118 394
4140 1675
450 8004
8351 94
13637 99
8991 104
381 270
6643 1856
1486 908
3374 1940
1860 5376
14942 632
2254 3888
6512 2791
5449 78
12104 33
11871 3071
5355 371
684 4327
13099 1282
4943 814
5185 2951
272 4
13978 1830
14753 498
170 64
7515 785
13501 1785
1304 161
6170 2831
14855 263
5147 3731
11066 1934
1514 4102
11269 1385
14950 463
2933 540
1135 583
14081 380
1235 855
15186 868
500 478
732 459
1411 1498
9624 89
8080 1040
13384 507
1796 1223
2161 1617
8193 90
2850 73
1598 2698
429 6425
1528 2373
1410 1329
15050 99
9136 1658
609 1873
1588 3387
10264 1813
11039 345
1684 1982
3712 5735
1818 3898
15184 129
14805 262
10675 2584
6503 1857
11357 3319
10983 2905
2953 3296
8207 2665
8718 2498
238 1863
2895 893
766 276
10313 418
8693 1986
14860 486
1006 6598
3015 607
11318 3896
7110 2170
3728 570
5541 2110
10961 1642
5669 364
654 3154
262 4398
11214 1098
11880 40
4703 5812
127 2303
8087 109
10369 475
300 1467
7287 512
2858 1346
13739 2371
780 2484
7045 317
696 4664
12977 2601
7637 4582
9103 3000
5629 1279
12679 63
2498 208
4055 1274
1181 3116
3628 1992
423 760
13237 1076
7902 1414
226 4579
10419 2285
4827 799
8212 2747
200 3722
10629 1785
8148 5218
3165 2830
10369 444
12726 655
4201 281
14179 407
4304 1492
11514 363
189 613
124 135
8388 356
3838 4071
10179 51
619 5703
4483 2216
3821 1387
126 352
2361 2329
2369 5931
691 1
8554 956
9465 2847
5975 2710
10980 1306
7999 494
9962 4583
12857 323
6102 2329
7357 1633
9728 986
12550 1227
1646 938
9728 2558
11023 3943
13751 94
964 777
8306 44
2349 644
790 1852
14830 382
10766 1665
386 2897
12400 1631
12100 3975
12412 2001
10989 1316
13615 385
76 404
15486 646
636 5455
2216 2798
1174 2278
2141 3653
79 165
4408 1670
2912 798
10834 3363
12813 366
3972 101
12829 436
144 6606
7052 474
11853 360
10650 529
10312 3046
6881 1858
13631 2456
2214 6952
10154 3044
13635 1577
12944 425
244 169
12613 1654
1329 4664
8233 481
14549 1231
1105 3355
14314 994
4826 3005
6424 1647
7596 1621
11515 1596
1306 1604
1239 2715
8029 4350
5064 2658
905 62
12656 1904
3989 6666
8634 8
8488 1224
367 981
2727 1212
11459 3273
504 847
14764 11
7987 475
8678 3844
4178 1828
2768 3426
5244 1341
7010 4535
9145 5676
8425 5272
2773 2581
12350 0
4501 210
4080 6314
1063 1631
11169 185
8476 2665
9308 2145
11354 1494
14092 279
172 2589
9598 3231
1788 2899
11047 981
10289 1565
13267 578
17 2593
8354 3261
14881 1358
3275 2446
7478 6012
13894 2012
11159 3271
2729 1066
3749 2171
10610 372
12058 2983
3342 2239
10937 644
7102 41
12253 2400
4089 1444
6 603
5855 2155
10566 835
106 2755
1174 4839
5741 120
4708 1411
5459 5005
10954 3295
8649 940
10259 1328
477 1181
449 436
248 70
278 423
7681 2691
3215 4587
11564 1528
1918 2655
7680 600
14432 1944
4457 3110
13184 35
25 4251
8422 245
2743 7554
5789 1401
7592 86
14568 779
367 642
12347 848
13428 212
625 368
15601 643
972 1101
3303 2046
2102 3848
5060 4033
417 266
11711 666
8256 2321
13035 2596
263 128
10458 287
2606 797
2159 1510
4865 270
8932 2122
4036 2196
1534 2802
505 377
5509 864
2683 202
337 80
1596 1750
13204 744
641 187
4974 755
5669 1185
15441 126
16071 10
84 583
4558 4331
3913 380
1247 5119
10539 913
246 2986
12538 635
1752 3583
6850 4405
9371 312
12388 3314
216 61
160 1657
10138 4511
8887 4725
13439 1600
420 3830
3837 1686
10024 4761
1516 2712
2311 4659
587 794
9165 401
4020 5789
854 1774
3495 6273
10719 964
14710 990
3094 5098
5645 241
4510 2015
1356 2815
12730 114
8229 966
1025 422
965 76
7851 3054
5474 2304
5605 2843
1293 855
5421 5046
385 760
4630 2546
8278 660
8925 2199
7433 2228
2239 4144
3055 2153
5324 2306
13794 1099
764 1974
13835 2359
13949 570
848 166
3699 1156
12253 188
11672 3650
2410 3723
14558 14
8894 228
1086 2564
6177 1196
136 1471
9246 2983
7593 1375
7200 4677
26 476
4077 5951
10983 3233
12253 3017
4663 513
1493 1192
12355 1641
12927 303
11476 382
913 64
1879 150
5573 252
10812 2373
8839 786
9468 1304
13574 1172
7912 688
40 1610
4764 3218
10584 3822
708 693
12865 545
7879 141
14593 1164
4299 1181
12437 3020
15681 540
10849 126
4942 1631
12754 333
3404 633
14865 68
14232 2021
1061 52
8077 2453
6299 85
2198 519
8598 1638
11000 170
185 1084
10552 238
1099 2732
2206 1985
9199 518
994 2502
9652 1108
10962 905
12187 401
4525 1503
7659 67
263 881
105 670
3484 733
3521 2562
13517 48
4864 1544
7295 2385
4017 4417
4938 2348
15700 465
2682 378
6086 145
7517 4799
666 809
4741 950
966 748
5185 2189
152 648
1057 449
2948 1444
2604 8
10594 410
1081 2616
9263 808
1125 4237
4188 74
234 298
153 52
11447 405
4600 5791
13799 342
9091 368
10061 439
9699 1362
2134 2669
11329 1310
12984 2057
828 2353
7036 2748
9982 307
394 698
1163 237
6666 94
11628 314
3243 4502
1380 2386
5482 384
652 156
7607 4626
4223 1626
1071 6877
14722 153
4910 80
9871 1372
1131 1160
8409 2388
6045 2121
1379 693
13952 1383
1487 8020
9489 667
12724 2330
3438 436
12763 665
12420 2911
8552 1
2807 2261
9078 204
49 130
5094 1852
2160 324
11892 1143
13402 515
13967 681
5103 666
8452 1436
1067 3869
2717 22
4223 512
13634 218
8717 1443
235 5630
553 4962
7241 569
6315 4762
2449 653
6877 235
11971 3410
3 2278
91 294
1506 2304
3777 2969
9420 248
11780 293
6868 1325
2833 1027
10 8
1745 5537
13782 784
7444 5301
6781 559
9323 207
5239 600
3646 2366
3309 15
4800 2742
3624 2286
6621 1080
10406 2655
13721 1728
11353 1474
166 2993
10732 2485
14808 653
3890 1934
8194 378
8715 3747
1860 883
6758 4412
4794 158
3426 1051
4107 3182
10316 2082
116 2030
11425 70
12450 1233
13118 255
14053 47
5083 38
891 4897
643 3680
15636 507
14330 504
309 7031
15452 52
2915 4897
7143 2234
7732 169
1929 3459
11902 1881
3116 1442
64 3534
13130 1922
2334 5290
13096 194
3956 6845
73 106
12021 302
5096 12
4405 639
1216 729
5785 1296
8176 103
10967 577
9390 3089
7521 951
11620 322
7981 884
4537 2222
5484 1593
5772 4760
7656 2942
9345 517
13609 137
166 2447
3473 5201
38 649
14810 432
6426 3274
1392 695
4079 194
1761 3097
1833 1393
2381 428
12016 1970
7643 1575
9013 4051
6631 234
5030 288
4948 713
66 3941
12013 2535
3552 371
1908 202
177 1790
844 5180
8422 1
7405 3188
414 1061
15345 100
8790 2887
8599 3666
4257 330
12002 690
14425 709
1125 5980
453 1725
3075 263
13021 15
12696 1288
8027 1994
954 150
12653 2192
4290 563
6991 5976
1140 4390
7236 3552
2561 7396
3233 319
1112 148
751 5494
10710 1392
1012 5808
3286 4031
6071 2198
12753 2717
110 243
374 879
2652 358
718 6621
1738 6227
5566 611
11068 1306
394 483
1949 169
5791 24
12214 633
10723 1266
3861 40
46 686
11257 156
4568 396
8090 1177
5654 471
2069 2661
15343 633
14001 1363
1523 874
2473 3293
6374 802
7461 1570
7825 2672
2223 2263
6512 3445
5783 161
12512 3322
345 5530
8487 743
4613 1770
11755 307
12002 13
194 3103
4764 2537
2305 32
214 1995
97 241
524 2159
10932 1836
198 3115
7689 116
1452 695
6956 2703
163 222
7468 3047
9805 5704
9632 157
4213 7454
4022 5888
1819 1473
12058 3658
13516 1352
14236 470
4836 512
2934 3552
8656 2871
3004 2651
8741 55
7717 15
2591 754
637 10
3160 686
45 1157
457 2023
2055 67
4128 290
6952 3124
5188 417
4775 1270
11593 1060
825 457
4815 386
6955 2394
11210 138
5716 300
6010 1118
7329 1662
15779 66
12887 2976
1974 3621
1459 1763
2504 4445
14046 1647
13636 2711
9430 260
6381 583
17 4623
15148 8
9386 2043
4138 5302
710 150
698 836
10988 999
14019 2021
6537 4400
10426 232
7020 1782
575 4497
13070 619
671 1576
9509 2069
8054 593
15850 199
6170 4058
4800 1886
74 1205
801 1210
5858 793
9094 1089
803 2211
7419 1677
14389 4
4263 2269
13690 1749
11627 349
905 1298
10501 2141
4853 1094
6034 645
12754 2
686 376
13924 924
8869 234
912 590
33 246
6737 2638
2262 3011
3104 4453
9723 1855
8265 657
128 1327
153 792
1168 157
42 1197
12278 2302
15331 63
2264 1784
5109 136
15642 710
9567 2224
10097 848
107 2052
88 25
11637 3075
261 2656
9399 369
1825 480
6083 178
1223 1976
393 1023
8313 425
10921 877
2800 3752
2693 119
11917 2372
8252 931
4417 53
4167 581
6917 225
12191 1064
1713 4429
680 1534
11157 180
6855 3512
8296 1184
8486 3613
11515 1473
15150 119
1906 1162
9924 3993
395 7588
570 6237
2486 3043
752 2304
11424 785
5427 485
11830 1210
3971 6094
8819 1004
13896 123
2619 5126
12151 435
5979 7022
3468 1429
8718 899
4470 5194
10572 342
3728 282
8 21
14017 1529
7566 2327
12135 1963
15074 172
13984 1775
618 4111
9357 141
12816 226
4475 391
933 389
10681 1391
8915 3117
14056 199
8336 5666
15916 181
14361 1036
9801 4536
2781 673
573 85
12206 1061
588 1676
9034 4019
314 139
7224 117
1865 2535
197 1343
12832 613
7004 1106
11231 912
12316 1939
14377 82
7737 2084
1289 6208
6416 3239
9751 1689
1951 282
6578 700
292 489
6264 1874
479 2830
10458 516
2349 1351
1270 829
2487 3172
8691 578
5448 1156
10867 1267
446 594
3412 1959
4628 94
6074 1237
12933 2228
508 3496
6125 4486
527 164
14073 1876
12687 787
7330 1648
305 2657
4552 6636
2 130
2702 866
13958 37
871 7369
8349 3404
364 6047
10489 1582
14090 230
7549 749
1329 5048
2684 1116
3470 1386
13112 2927
10987 633
4825 3231
13575 2328
11008 724
1403 2561
4189 613
9057 2972
66 2033
12798 1346
171 517
50 2885
8791 205
7742 1329
1290 4471
8314 1337
80 96
4510 5195
8719 2786
958 1048
3273 163
3122 6174
7251 1264
7042 252
6769 2698
4992 1646
11900 103
11257 1819
7610 1008
370 641
8863 1940
360 225
9970 2868
26 2735
9218 118
10537 4602
8996 65
4140 5907
