80103976 6015
19320416 1388
45546360 38
76916091 2913
54374670 8705
3390912 4373
37463166 2615
11843404 2169
55619325 11801
82639170 4987
39527478 11066
22618308 12098
91641696 5195
42764136 11862
32050460 632
65629375 4243
58839937 4211
40272474 141
15706281 816
34002745 1482
75901728 1337
68782428 3547
91259350 2427
71914752 4258
1618586 1575
75166290 88
51209990 4336
35191452 2182
8395283 10060
48590086 4611
86239176 2438
12678398 4747
18501180 10433
53487000 667
14286976 2134
2383840 6446
67801536 70
93991094 4395
17795206 6888
13957062 3444
53742766 14324
81075696 1073
25160344 6690
52991400 3812
95702656 374
87563434 3118
29598294 1901
53461212 4770
68175985 547
42280960 394
73466710 1675
91311654 8004
32893275 94
28935431 6420
1365946 7503
92374947 270
42902952 1856
84972636 908
83599848 1940
59262840 5376
25105288 632
38209382 3888
41426259 2791
68241869 78
95615286 33
80800928 8479
2877160 3389
35527990 4327
75336820 6521
46965606 814
92066976 2951
11901672 4
46975432 7774
33408368 7071
36581 221
14679162 4323
79976352 1785
78052270 161
81747082 2831
4614174 12197
59438210 3731
25595031 3903
86553792 4102
25875385 3430
28436985 463
86258901 540
80792386 583
9960873 3136
75127140 855
19220712 12848
81404808 478
97218948 459
86391482 1498
58530538 89
13313740 2500
42889232 6683
49454239 1223
39208084 1617
81678663 90
883245 2497
35515032 2698
69691472 6425
73432424 2373
67971024 1329
4412412 11195
81721374 1658
74594028 1873
73440950 3387
33783052 10207
5702382 1347
59337876 1982
76312866 5735
77005952 3898
89814326 11861
66888600 9142
38150768 11218
23547303 4674
81989225 8906
74953536 2905
83192937 3296
49289114 7199
84075136 2498
6036173 1863
36539048 893
38357062 276
12413453 2732
70773784 8614
11940512 14508
61485944 6598
31062272 607
77626836 14102
98980480 2170
82543090 570
33848024 2110
36703800 10381
33097584 5851
44660224 3154
92976320 4398
23105870 4852
39481021 9979
95371050 5812
10995750 2303
8180811 7102
77343119 7608
20917746 1467
28181972 4126
55875364 1346
53510776 9015
76485312 2484
4639112 6627
66871360 4664
61252696 2601
88245618 4582
48109425 3000
66337524 1279
1665927 3338
49268142 208
51739261 1274
78781198 3116
56621500 1992
25892321 760
88855104 1076
19091650 7564
47074585 4579
60855282 11867
50245806 799
92340534 2747
47256178 3722
75024172 7829
95519655 12365
73246910 2830
38079864 3966
12941192 12271
15973848 281
6377718 11357
43649676 1492
18735594 6675
89210470 613
9289035 135
5321442 4010
88549164 4071
1103976 915
63991284 5703
81024405 2216
12186720 1387
14060370 352
54511870 2329
59436300 5931
95128548 1
18552059 2907
49133201 6838
54402840 2710
82690335 8037
50550336 494
98106025 4583
5586200 2443
73063046 2329
21730566 8887
52654395 5901
17854992 1227
20191376 938
89201385 9819
82851776 3943
8246852 4862
97682287 777
4829439 5255
6003958 644
32840060 1852
48325347 3559
41226993 8299
28814891 2897
69148941 11489
95614100 3975
37900930 7261
64652265 11826
69878016 10369
96344640 404
18839840 2982
90481805 5455
64359704 2798
35614284 2278
28384806 3653
33573668 165
14915412 1670
90664980 798
57735132 7430
32062074 2799
3453904 101
10830152 7789
58137750 6606
86917774 474
28566720 12060
63004844 529
44558952 6382
24614946 4675
41536634 2456
83694746 6952
70894284 8416
97882785 8012
14727128 5935
99672181 169
87735900 7804
42274622 4664
83183844 481
89882880 1231
33441080 3355
16713060 4270
24656670 6154
81057053 1647
35420931 1621
33268104 9210
9547710 1604
10952580 2715
69842318 4350
71552052 2658
6056321 62
27847541 7643
87733270 6666
678373 4353
64141155 7829
85620916 981
50781588 1212
90418878 9411
60849040 847
87468000 11
28505109 3844
58490262 3844
60102042 1828
61283436 3426
68424735 1341
93168150 4535
85946979 5676
75292409 5272
22775916 2581
6290340 8160
8027544 210
70440138 6314
69330090 1631
50264158 185
34853931 8923
99059800 10795
58535488 1494
35543958 10175
7631404 2589
87673386 3231
70220634 2899
58763922 5867
36714398 10859
29725215 578
45680220 2593
77506895 3261
43044287 6660
41311341 2446
90956327 12755
71483985 15497
76915668 13933
9944074 3687
90132000 2171
85637636 372
51794316 9871
47818008 2239
55449828 644
41550831 41
81948636 7993
62616961 1444
59999898 603
38576160 2155
24127449 9303
16971452 2755
69780865 4839
50070523 120
19788846 1411
53643801 10132
58754628 11543
14210898 940
57925000 11328
31611428 1181
93997620 436
98831856 70
39555327 423
51626838 7669
67947618 4587
28660530 12478
61589164 2655
62001431 8089
78735808 1944
44024806 3110
33037500 10035
31180592 4251
10848580 2749
95133983 7554
41572580 1401
78868416 86
30124198 2742
47756979 642
93756564 7954
3640011 2081
3711834 368
13929630 8365
97225773 1101
51056205 2046
52978800 3848
81464187 4033
46884535 266
62258625 10728
27788472 10205
46811850 5591
68710039 128
71884050 287
4162824 3245
76993965 1510
72927270 270
42708792 5986
51831544 2196
60968496 2802
37179828 377
12100428 2763
40871795 202
60102210 80
94447542 1750
11606189 13239
41692284 187
15388094 755
55633918 1185
7053344 14200
39039812 4866
23639147 583
51236196 4331
35558919 380
44211870 5119
12608652 913
57199936 2986
33001514 10659
40465975 3583
58734626 9624
70620508 7606
57995800 10702
45680347 61
33312878 1657
75090774 4511
66099872 4725
25009857 1600
64693500 3830
69667122 1686
95984220 4761
34694968 2712
75819660 4659
24337363 794
4813200 8465
65386794 5789
68490936 1774
97806984 6273
49127015 964
53957463 4427
44023808 5098
7431492 2767
16805824 4591
74010224 2815
19346866 9156
14379416 2530
55104654 422
43835469 76
70359060 3054
41754713 7673
34286373 6902
14456040 855
89409114 5046
46387385 760
86965944 2546
32643208 7966
93730824 2199
60403980 8481
77559833 4144
89348448 2153
17615361 4615
35438200 8239
16014562 1974
81790843 7410
18166520 11838
62113584 166
56284015 1156
3121185 1694
84122120 14632
51278013 3723
1210692 13370
8035601 1109
36397800 2564
97581655 1196
65120461 1471
97709710 2983
87617360 1375
90740280 4677
55752120 476
92197432 5951
51959480 3233
64618408 7249
97008592 513
4223505 1192
31658952 1641
26340930 303
4751850 3590
18360761 64
97862728 150
6950274 5028
58963320 2373
66521088 7698
23597070 5686
28350789 6941
52030000 688
57446400 1610
64941552 3218
98292138 3822
60013236 693
10756988 11787
10931260 141
45573429 12736
15404280 1181
67708355 11782
80921580 5529
85509408 7918
69338577 1631
83455799 333
53437769 633
3799245 8738
86563478 2021
91184 134
78535811 9912
1227480 4717
2495085 2357
75667355 9031
56788280 170
31797333 1084
99679571 9477
38455578 2732
52496466 1985
40486572 4685
57743432 2502
76270551 8197
35259808 9821
16004304 8033
26034932 1503
2905916 6853
52204152 881
8140600 670
42271208 733
96275641 2562
1150985 2088
88872552 1544
56041410 8175
74649334 4417
92218902 2348
71823928 13797
36573120 378
1871317 4359
96976184 4799
7116875 809
88233264 950
91263644 748
74698620 2189
67413600 648
25111044 449
14972328 1444
20096728 8
23311119 6767
37949705 2616
24032316 7969
45829014 4237
51945256 74
180348 298
39755650 52
55905884 405
89518465 5791
17590160 1586
4017950 2493
23568010 4929
23814333 1362
17017029 2669
88706122 8329
39787902 12641
53946579 2353
75552048 2748
63709488 307
79677780 698
83454000 237
85101640 94
24498828 6470
67838455 4502
11000486 2386
24509835 4563
44206488 156
92094728 12155
56407756 1626
95224988 6877
22084920 4608
17446533 3577
92285578 9581
33932001 1160
43309540 10412
47468958 2121
68007184 693
23021154 13399
86114406 8020
46484012 667
96128458 8716
96280522 436
42584100 10181
47936910 6038
53176336 6219
22968176 2261
3016650 204
10410103 130
75412722 1852
27604692 324
51002042 5056
88505760 6875
53344374 4323
9394443 3924
20125860 7544
32340672 3869
78535347 22
76200355 512
19667000 3058
74516265 8778
55764420 5630
97450050 4962
77553300 569
84572895 4762
49402452 653
2324643 1216
66107538 3410
6503131 2278
14153370 294
91013280 2304
65341756 2969
2523846 9418
37782230 6553
50985039 1325
50280360 1027
59319270 8
61008596 5537
76204080 6016
87507170 5301
20553738 6161
10989542 8285
20643168 4136
73135980 2366
19990536 15
37996596 2742
15366000 2286
78473190 1080
61233651 12033
51024744 5031
21707646 9939
95648202 2993
69933780 13069
79825143 653
86218496 1934
47586192 5930
71999658 9525
82103476 883
64629620 4412
19729735 4143
19739093 1051
95245363 3182
52042606 6280
78586520 2030
54856089 9616
90328564 7835
23059800 8880
18960465 4082
38719881 38
33321516 4897
99558690 3680
18205920 3891
84913200 11954
56782240 7031
5707692 13336
40075560 4897
75128524 2234
25393814 169
68691612 3459
29197701 10357
26914990 1442
15636908 3534
43323192 13438
47863472 5290
34596744 10610
93158625 6845
4486098 106
10660460 11560
12019124 12
88940852 639
35871635 729
16158842 1296
3318275 1707
13605660 5293
46808729 3089
9475692 5427
10964589 10431
21293730 884
21875646 5459
23382408 1593
77747224 4760
39219497 6643
87052908 9345
4268164 6979
22848072 2447
74943360 5201
44863848 649
7320339 11495
60916000 3274
95494859 695
60398855 194
77975758 3097
6787504 1393
67677237 428
85342572 1970
17961984 5473
93504954 11209
9459970 234
41219818 288
73106154 713
16256399 3941
73729264 2535
50359551 371
86697790 202
91135044 1790
36318696 5180
28200204 1
37389760 6718
71786775 1061
3629105 570
47934085 2887
63895440 8876
19935102 330
41045928 690
30473834 6751
50871800 5980
75935970 1725
42586204 263
40542552 12459
76179384 6736
70658071 1994
78642336 150
79142876 12856
88014008 563
89498234 5976
56041020 4390
77242080 3552
99709398 7396
36134496 319
91551600 148
46344145 5494
56156100 10674
58317820 5808
58411611 4031
34134432 2198
63190865 6802
9725503 243
90921439 879
58005710 358
82189461 6621
51597270 6227
83383323 611
40125639 4549
75954339 483
15283488 169
7183632 3732
44206527 633
27723618 8205
2452471 1298
45232476 686
17418489 9318
68284784 396
40232972 5519
19413080 3641
96936620 2661
14194663 8634
40927032 4027
36038895 874
88704144 3293
50059776 802
64456140 8708
49199439 2672
95870306 2263
58053436 9276
4870800 3441
62275122 3322
34791750 5530
52697590 6453
15125340 4140
10980283 8506
3286904 5219
34898745 3103
95321856 2537
65658015 32
35123100 1995
83765526 241
31777452 2159
41141595 11505
95487286 3115
8911026 2400
77414379 695
56953226 8600
45439625 222
84540600 3047
99437296 12116
71031516 7414
92215968 7454
94709870 5888
91198276 1473
58267512 11074
25787305 10027
15471729 14159
68363484 512
30626892 3552
74625798 2871
68408535 2651
6219780 7843
401284 795
89642655 754
7540138 10
81050604 686
84489782 1157
10356480 2023
20277832 67
18122636 290
65064350 9582
99376650 417
23474896 5154
91043792 8256
63475666 457
13226143 386
42285527 2394
2631808 1066
41071232 300
44272008 1118
40985410 6221
10265616 2010
79315000 2976
60302910 3621
17192592 1763
40033189 4445
59719946 9259
69376668 2711
46938360 260
67850252 583
83714880 4623
810594 7838
46111980 6078
80608160 5302
95263920 150
35841910 836
27321240 10119
52736232 5309
87660055 4400
19745568 3938
40070953 6335
80690448 4497
18517158 4678
89689005 1576
74984229 8546
66314820 8263
6163465 15599
55036868 4058
20476155 4949
66252200 1205
91862480 1210
17928400 3489
17421402 2800
51964374 2211
63981264 1677
74987530 4
48480504 2269
58992419 1749
25981410 6859
77845208 1298
60461903 6924
18188814 4153
7274660 6095
4763264 7482
3047940 376
51582900 14824
2913396 8901
27333396 590
8138430 246
86896875 2638
63128356 3011
55936914 4453
88201204 1855
34595638 4535
99565650 1327
37878435 792
588735 1047
56935767 1197
87832450 14352
78119475 5138
10573376 1784
7058424 1482
17870550 2896
35997923 2224
20824529 4654
84026121 2052
4883182 25
95216064 3075
35001083 2656
79853400 369
52420310 480
52617444 178
15902229 1976
43365000 1023
32514098 425
27048228 5463
96019560 3752
449440 599
62495712 6746
12121560 931
97879590 53
9064860 4401
57728786 225
43158280 1064
80226804 4429
82422792 1534
37386128 3478
84916097 3512
11300160 1184
49573506 11809
64986948 6477
6312672 8813
7415356 1162
70934949 3993
69627726 7588
50194818 6237
87883455 3043
42218640 2304
12777588 6020
7186560 2917
21157428 7702
68452065 6094
13092726 2337
47815398 3534
96858970 5126
5614767 11610
99808677 7022
37550196 1429
27187259 899
83352000 5194
13716384 2856
44731550 282
55618549 21
39533478 1529
44469035 2327
71114320 12053
15170076 15112
70044310 6220
80728759 4111
97373496 141
32334240 10146
24232680 391
23353130 389
22846617 7070
93127680 3117
3575495 2709
83367908 5666
11454656 6589
78196284 6115
79192064 10060
33462352 673
88166078 85
43270430 7585
15918184 1676
58516599 4019
22508664 139
26684535 117
67909600 2535
52450860 1343
87742070 613
16836360 1106
81309528 912
40646704 10495
8974692 4429
49851396 2084
53333658 6208
52561820 3239
40070817 5192
85142057 282
43603784 6692
13767468 489
20204171 4357
62368032 2830
94069128 516
74651200 1351
77895989 829
52311796 3172
29577379 578
17999778 3882
28849896 6023
45457360 594
75661277 1959
581188 4434
95591325 1237
33997151 11200
58850792 3496
72504963 4486
85668107 164
49186716 1876
57152466 5029
50513579 7275
91114082 2657
79927072 6636
33409200 130
52281904 866
18988501 2751
89675920 7369
87129328 10818
58231113 6047
84465860 8580
15753108 13442
20167576 5611
52501841 5048
27253600 1116
43893384 1386
82927327 13269
24469614 2739
34233750 7481
81163808 7432
89210128 724
12236868 2561
3773586 1399
79096128 9548
9590331 2033
49295526 11804
96831872 517
79468060 2885
23090165 2772
18504840 1329
80930528 4471
70242350 8616
2968416 96
77135340 5195
61730464 8152
30733926 1048
3741804 163
60358928 6174
18994734 3495
3263680 4284
83271732 2698
28559011 5949
62535630 103
26396406 5857
16775352 4902
44418285 641
93826172 10626
62497305 225
89165802 9814
57354253 2735
1770610 3348
75594178 14590
718640 6305
84836868 5907
