720
3875
2396
1304
1623
1336
156
975
3135
2139
3266
2205
1470
1087
278
2914
2744
505
1833
2617
230
235
1285
4688
901
1351
819
99
452
1678
5805
2188
2130
1438
2510
2214
3731
351
3985
3445
2518
259
3854
1167
3859
1302
554
3408
578
1865
2890
1777
1231
528
488
2727
2446
4878
94
711
2083
1178
3839
108
3433
516
3628
3841
2967
3028
2901
1648
616
455
1684
1868
1469
735
1816
845
142
482
1549
157
649
889
518
766
813
1513
103
602
285
452
1705
4330
3008
4009
1945
1525
2342
1867
1760
3841
5594
1753
1410
86
1714
3794
463
1217
3463
669
672
3162
2517
3573
2251
1307
518
3600
598
2126
1597
2534
1284
336
2214
4569
3035
1406
657
3431
2936
2954
1432
453
1144
1264
2258
2272
806
2025
1957
2682
1718
2787
249
1926
270
2765
925
1921
989
1508
280
241
3585
1203
1912
1394
1954
1891
1009
943
687
2507
686
1084
1113
3388
2501
1813
2698
987
1045
732
955
1673
246
634
963
263
466
371
1676
2869
646
4635
1385
2010
4164
1065
1526
1768
1281
3876
5059
1645
2797
4319
736
141
3892
2233
16
1512
3817
3482
1266
1203
1953
1674
5300
1454
634
349
778
444
3332
3188
2838
91
581
483
384
1393
774
3347
5022
1001
500
5352
286
2456
1881
1853
1913
224
475
2328
131
486
1361
470
269
597
4015
760
2650
168
2002
887
872
412
225
1429
190
4310
1606
1817
931
1148
2880
483
1918
2452
518
3473
764
836
2145
490
1649
896
791
593
1898
1797
1372
1074
2617
919
2187
2258
3009
418
5072
1116
614
5048
162
1967
1705
853
860
544
563
460
525
2547
2644
2176
367
4018
2302
2121
2611
1194
1352
996
360
2294
2612
1090
762
2804
1972
4844
4046
3124
523
185
1697
184
3134
420
1420
1074
247
3751
904
2267
1391
1160
1601
712
3428
1378
1167
2298
420
3789
435
731
516
3423
3714
329
688
1230
943
2776
1935
1285
508
1396
1208
417
739
2880
637
330
2133
2421
504
5387
2328
615
2722
5284
1891
1020
283
4341
3165
504
3278
1700
4494
565
782
407
50
472
1847
131
1414
932
851
3255
4119
4175
2555
1640
3046
2869
1208
209
71
938
2941
1628
340
487
188
2728
1221
3334
2412
510
5276
1400
1841
3270
3926
2334
1599
95
1722
2201
1684
1945
96
545
3993
2906
883
3163
2700
377
1610
476
2720
1704
1947
2936
2389
2912
73
2812
858
1036
981
4407
3015
2187
1892
4098
2024
2304
2288
213
5222
253
1159
2555
1894
1330
332
5591
1560
528
529
647
862
2216
3160
634
375
719
5144
342
543
3085
168
3126
1251
341
777
2799
2082
248
412
1475
1304
1362
962
1767
768
2630
287
2861
5242
725
4633
282
1202
480
4463
48
1683
3043
291
3729
1196
716
559
3532
2503
1006
4068
550
1183
691
1170
709
2217
3275
464
3278
116
2616
1310
351
683
2309
5119
2535
310
408
572
244
341
1180
4475
845
1176
532
386
410
4290
2013
989
345
850
470
308
1343
1470
812
530
1101
2056
425
847
252
237
211
4026
2844
4255
1167
1880
1928
903
995
2474
2169
2532
425
1211
541
185
1960
4507
1857
1407
547
509
1375
1391
596
726
614
1483
1117
734
3175
377
911
2764
163
241
408
453
677
3333
1380
2849
100
2727
4239
383
290
124
4236
348
509
3340
1095
2748
708
1640
1751
2826
4467
1118
846
3915
858
2673
3017
2357
3785
2720
3088
3868
947
1931
414
2714
2155
1394
958
5410
1630
1605
2772
1076
4618
1393
1134
672
1227
753
944
1078
674
2798
1764
991
1158
481
3738
899
842
776
525
4733
3287
2306
2868
259
974
3585
1718
526
298
2474
320
1362
3002
1990
2825
1043
171
2445
2329
1119
2070
3032
3448
275
1893
1258
1089
2432
2550
1114
258
361
394
4673
383
3098
4376
1169
780
3155
179
409
549
218
1107
2957
1946
1673
650
3512
150
2149
4027
56
1907
3162
2378
1380
2147
1376
3648
362
3510
843
2388
581
843
1994
2195
754
5503
661
704
1983
5615
3328
1992
1045
1403
195
2275
521
287
267
1342
37
1494
429
41
2047
4257
1334
421
2726
1034
2069
307
1739
1106
491
3063
2190
400
151
2673
3463
2076
3224
2264
1526
1407
349
114
4372
443
665
1351
177
3415
2203
322
267
1594
297
771
2320
487
3394
1865
1186
303
2737
3654
1222
4732
204
420
4986
124
4459
656
1121
577
814
689
1346
343
3912
2330
186
2227
541
979
3642
1335
1302
1210
354
2661
983
508
1926
171
1047
540
917
2866
2371
351
257
2696
3341
1028
1986
1507
510
38
3844
1423
4742
917
941
1470
1927
82
275
1952
190
2404
2626
1679
426
1641
3406
2931
3291
2531
1143
483
838
5775
3546
126
1170
1449
935
252
368
769
2347
1537
2165
1087
2319
567
670
2346
1723
1968
2928
979
2489
3061
2332
338
1192
1175
573
2427
2744
516
135
426
538
163
2978
962
3278
740
444
1802
2498
2131
504
3991
4902
453
138
1289
2000
1377
576
18
1325
3600
2112
3858
2995
283
4526
1127
3167
684
290
3267
3015
857
2404
1390
5232
1690
1182
169
3466
2304
3640
2164
452
1228
766
1658
2969
869
1261
2443
307
4086
1413
311
2886
153
3577
5491
1821
1033
2064
3051
554
1756
3757
4156
421
492
1411
99
1082
4558
826
4416
589
2869
71
238
260
3387
929
4786
1440
643
245
2271
830
2035
189
214
2737
1939
2149
708
4050
365
1077
1291
742
1836
290
309
442
903
