2096
2169
2228
2144
2185
2230
2178
2201
2173
2194
2137
2191
2182
2187
2188
2151
2173
2176
2189
2180
2182
2246
2157
2183
2208
2186
2193
2220
2249
2204
2207
2245
2182
2184
2187
2171
2185
2185
2188
2176
2265
2191
2207
2179
2196
2201
2176
2200
2184
2178
2208
2256
2226
2193
2236
2183
2188
2189
2206
2192
2187
2199
2171
2178
2172
2211
2188
2216
2181
2183
2192
2177
2182
2177
2204
2203
2197
2185
2157
2185
2180
2186
2187
2233
2211
2216
2217
2169
2177
2232
2193
2179
2216
2240
2207
2270
2230
2188
2232
2182
2217
2179
2181
2180
2193
2177
2106
2178
2182
2183
2182
2188
2205
2169
2180
2188
2170
2166
2182
2262
2187
2175
2170
2210
2184
2187
2188
2186
2189
2257
2201
2240
2180
2193
2181
2104
2222
2099
2140
2206
2183
2181
2200
2206
2183
2162
2190
2274
2255
2199
2234
2189
2221
2156
2178
2187
2181
2192
2232
2179
2189
2200
2175
2197
2183
2200
2172
2179
2162
2172
2176
2183
2194
2176
2184
2184
2185
2198
2184
2186
2093
2194
2198
2194
2185
2182
2188
2184
2179
2183
2097
2192
2182
2177
2185
2185
2187
2192
2251
2189
